[19-May-2023 14:44:56 UTC] Hello, errors!
[19-May-2023 14:44:56 UTC] PHP Warning:  Undefined array key "level" in C:\xampp\htdocs\Piniors\libs\View.php on line 10
[19-May-2023 14:45:01 UTC] Hello, errors!
[19-May-2023 14:45:01 UTC] PHP Warning:  Undefined array key "level" in C:\xampp\htdocs\Piniors\libs\View.php on line 10
[19-May-2023 14:45:01 UTC] Hello, errors!
[19-May-2023 15:21:06 UTC] Hello, errors!
[19-May-2023 15:21:06 UTC] Hello, errors!
[19-May-2023 15:21:06 UTC] PHP Warning:  Undefined array key "level" in C:\xampp\htdocs\Piniors\libs\View.php on line 10
[19-May-2023 15:21:21 UTC] Hello, errors!
[19-May-2023 15:21:22 UTC] PHP Warning:  Undefined array key "level" in C:\xampp\htdocs\Piniors\libs\View.php on line 10
[19-May-2023 15:26:47 UTC] Hello, errors!
[19-May-2023 15:26:47 UTC] PHP Warning:  Undefined array key "level" in C:\xampp\htdocs\Piniors\libs\View.php on line 10
[19-May-2023 18:42:46 UTC] Hello, errors!
[19-May-2023 18:42:46 UTC] PHP Warning:  Undefined array key "level" in C:\xampp\htdocs\Piniors\libs\View.php on line 10
[19-May-2023 18:42:56 UTC] Hello, errors!
[19-May-2023 18:42:56 UTC] PHP Warning:  Undefined array key "level" in C:\xampp\htdocs\Piniors\libs\View.php on line 10
[19-May-2023 18:42:58 UTC] Hello, errors!
[19-May-2023 18:45:36 UTC] Hello, errors!
[19-May-2023 18:46:03 UTC] Hello, errors!
[19-May-2023 18:46:37 UTC] Hello, errors!
[19-May-2023 18:47:25 UTC] Hello, errors!
[19-May-2023 18:47:31 UTC] Hello, errors!
[19-May-2023 18:48:40 UTC] Hello, errors!
[19-May-2023 18:48:47 UTC] Hello, errors!
[19-May-2023 18:49:37 UTC] Hello, errors!
[19-May-2023 18:50:19 UTC] Hello, errors!
[19-May-2023 18:51:08 UTC] Hello, errors!
[19-May-2023 18:51:27 UTC] Hello, errors!
[19-May-2023 18:53:25 UTC] Hello, errors!
[19-May-2023 18:54:08 UTC] Hello, errors!
[19-May-2023 18:55:04 UTC] Hello, errors!
[19-May-2023 18:59:14 UTC] Hello, errors!
[19-May-2023 19:01:06 UTC] Hello, errors!
[19-May-2023 19:02:55 UTC] Hello, errors!
[19-May-2023 19:03:58 UTC] Hello, errors!
[19-May-2023 19:04:28 UTC] Hello, errors!
[19-May-2023 19:04:43 UTC] Hello, errors!
[19-May-2023 19:05:19 UTC] Hello, errors!
[19-May-2023 19:06:14 UTC] Hello, errors!
[19-May-2023 19:06:32 UTC] Hello, errors!
[19-May-2023 19:07:03 UTC] Hello, errors!
[19-May-2023 19:46:18 UTC] Hello, errors!
[19-May-2023 19:55:28 UTC] Hello, errors!
[19-May-2023 19:56:20 UTC] Hello, errors!
[19-May-2023 19:56:28 UTC] Hello, errors!
[19-May-2023 19:56:42 UTC] Hello, errors!
[19-May-2023 19:56:57 UTC] Hello, errors!
[19-May-2023 19:59:14 UTC] Hello, errors!
[19-May-2023 19:59:43 UTC] Hello, errors!
[19-May-2023 20:00:17 UTC] Hello, errors!
[19-May-2023 20:00:26 UTC] Hello, errors!
[19-May-2023 20:00:59 UTC] Hello, errors!
[19-May-2023 20:03:06 UTC] Hello, errors!
[19-May-2023 20:03:25 UTC] Hello, errors!
[19-May-2023 20:17:28 UTC] Hello, errors!
[19-May-2023 20:18:37 UTC] Hello, errors!
[19-May-2023 20:20:24 UTC] Hello, errors!
[19-May-2023 20:20:59 UTC] Hello, errors!
[19-May-2023 20:21:28 UTC] Hello, errors!
[19-May-2023 20:21:39 UTC] Hello, errors!
[19-May-2023 20:22:13 UTC] Hello, errors!
[19-May-2023 20:24:04 UTC] Hello, errors!
[19-May-2023 20:24:36 UTC] Hello, errors!
[19-May-2023 20:25:07 UTC] Hello, errors!
[19-May-2023 20:33:01 UTC] Hello, errors!
[19-May-2023 20:34:41 UTC] Hello, errors!
[19-May-2023 20:35:16 UTC] Hello, errors!
[19-May-2023 20:35:39 UTC] Hello, errors!
[19-May-2023 20:56:45 UTC] Hello, errors!
[19-May-2023 20:57:09 UTC] Hello, errors!
[19-May-2023 20:58:42 UTC] Hello, errors!
[19-May-2023 21:01:13 UTC] Hello, errors!
[19-May-2023 21:01:31 UTC] Hello, errors!
[19-May-2023 21:05:59 UTC] Hello, errors!
[19-May-2023 21:06:13 UTC] Hello, errors!
[19-May-2023 21:07:17 UTC] Hello, errors!
[19-May-2023 21:07:27 UTC] Hello, errors!
[19-May-2023 21:08:00 UTC] Hello, errors!
[19-May-2023 21:08:11 UTC] Hello, errors!
[19-May-2023 21:08:25 UTC] Hello, errors!
[19-May-2023 21:09:04 UTC] Hello, errors!
[19-May-2023 21:09:32 UTC] Hello, errors!
[19-May-2023 21:09:56 UTC] Hello, errors!
[19-May-2023 21:10:12 UTC] Hello, errors!
[19-May-2023 21:10:23 UTC] Hello, errors!
[19-May-2023 21:10:39 UTC] Hello, errors!
[19-May-2023 21:11:29 UTC] Hello, errors!
[19-May-2023 21:11:55 UTC] Hello, errors!
[19-May-2023 21:12:02 UTC] Hello, errors!
[19-May-2023 21:12:11 UTC] Hello, errors!
[19-May-2023 21:12:16 UTC] Hello, errors!
[19-May-2023 21:12:33 UTC] Hello, errors!
[19-May-2023 21:12:42 UTC] Hello, errors!
[19-May-2023 21:12:54 UTC] Hello, errors!
[19-May-2023 21:13:07 UTC] Hello, errors!
[19-May-2023 21:13:28 UTC] Hello, errors!
[19-May-2023 21:13:37 UTC] Hello, errors!
[19-May-2023 21:13:51 UTC] Hello, errors!
[19-May-2023 21:14:07 UTC] Hello, errors!
[19-May-2023 21:14:14 UTC] Hello, errors!
[19-May-2023 21:14:57 UTC] Hello, errors!
[19-May-2023 21:15:24 UTC] Hello, errors!
[19-May-2023 21:15:35 UTC] Hello, errors!
[19-May-2023 21:15:47 UTC] Hello, errors!
[19-May-2023 21:15:53 UTC] Hello, errors!
[19-May-2023 21:16:04 UTC] Hello, errors!
[19-May-2023 21:19:01 UTC] Hello, errors!
[19-May-2023 21:19:13 UTC] Hello, errors!
[19-May-2023 21:19:26 UTC] Hello, errors!
[19-May-2023 21:19:28 UTC] Hello, errors!
[19-May-2023 21:19:40 UTC] Hello, errors!
[19-May-2023 21:20:00 UTC] Hello, errors!
[19-May-2023 21:20:52 UTC] Hello, errors!
[19-May-2023 21:24:26 UTC] Hello, errors!
[19-May-2023 21:25:25 UTC] Hello, errors!
[19-May-2023 21:25:58 UTC] Hello, errors!
[19-May-2023 21:26:50 UTC] Hello, errors!
[19-May-2023 21:27:01 UTC] Hello, errors!
[19-May-2023 21:28:55 UTC] Hello, errors!
[19-May-2023 21:30:44 UTC] Hello, errors!
[19-May-2023 21:34:42 UTC] Hello, errors!
[19-May-2023 21:35:51 UTC] Hello, errors!
[19-May-2023 21:36:40 UTC] Hello, errors!
[19-May-2023 21:36:50 UTC] Hello, errors!
[19-May-2023 21:38:04 UTC] Hello, errors!
[19-May-2023 21:38:12 UTC] Hello, errors!
[19-May-2023 21:38:43 UTC] Hello, errors!
[19-May-2023 21:39:05 UTC] Hello, errors!
[19-May-2023 21:39:38 UTC] Hello, errors!
[19-May-2023 21:40:48 UTC] Hello, errors!
[19-May-2023 21:40:59 UTC] Hello, errors!
[21-May-2023 04:21:56 UTC] Hello, errors!
[21-May-2023 04:21:56 UTC] PHP Fatal error:  Uncaught InvalidArgumentException: C:\Users\elyig\OneDrive\Escritorio\Piniors\config/.env does not exist in C:\Users\elyig\OneDrive\Escritorio\Piniors\config\dotenv.php:16
Stack trace:
#0 C:\Users\elyig\OneDrive\Escritorio\Piniors\config\config.php(23): DotEnv->__construct('C:\\Users\\elyig\\...')
#1 C:\Users\elyig\OneDrive\Escritorio\Piniors\index.php(21): require_once('C:\\Users\\elyig\\...')
#2 {main}
  thrown in C:\Users\elyig\OneDrive\Escritorio\Piniors\config\dotenv.php on line 16
[21-May-2023 04:22:10 UTC] Hello, errors!
[21-May-2023 04:22:10 UTC] PHP Fatal error:  Uncaught InvalidArgumentException: C:\Users\elyig\OneDrive\Escritorio\Piniors\config/.env does not exist in C:\Users\elyig\OneDrive\Escritorio\Piniors\config\dotenv.php:16
Stack trace:
#0 C:\Users\elyig\OneDrive\Escritorio\Piniors\config\config.php(23): DotEnv->__construct('C:\\Users\\elyig\\...')
#1 C:\Users\elyig\OneDrive\Escritorio\Piniors\index.php(21): require_once('C:\\Users\\elyig\\...')
#2 {main}
  thrown in C:\Users\elyig\OneDrive\Escritorio\Piniors\config\dotenv.php on line 16
[21-May-2023 04:24:04 UTC] Hello, errors!
[21-May-2023 04:24:04 UTC] PHP Warning:  Undefined array key "level" in C:\Users\elyig\OneDrive\Escritorio\Piniors\libs\View.php on line 10
[21-May-2023 04:40:22 UTC] Hello, errors!
[21-May-2023 04:40:22 UTC] PHP Warning:  Undefined array key "level" in C:\Users\elyig\OneDrive\Escritorio\Piniors\libs\View.php on line 10
[21-May-2023 12:27:09 UTC] Hello, errors!
[21-May-2023 12:27:09 UTC] PHP Warning:  Undefined array key "level" in C:\Users\elyig\OneDrive\Escritorio\Piniors\libs\View.php on line 10
[21-May-2023 12:27:16 UTC] Hello, errors!
[21-May-2023 12:27:16 UTC] PHP Warning:  Undefined array key "level" in C:\Users\elyig\OneDrive\Escritorio\Piniors\libs\View.php on line 10
[21-May-2023 12:27:20 UTC] Hello, errors!
[21-May-2023 12:27:20 UTC] PHP Warning:  Undefined array key "level" in C:\Users\elyig\OneDrive\Escritorio\Piniors\libs\View.php on line 10
[22-May-2023 22:11:40 UTC] Hello, errors!
[22-May-2023 22:11:41 UTC] PHP Warning:  Undefined array key "level" in C:\Users\elyig\OneDrive\Escritorio\Piniors\libs\View.php on line 10
[22-May-2023 22:11:43 UTC] Hello, errors!
[22-May-2023 22:11:43 UTC] PHP Warning:  Undefined array key "level" in C:\Users\elyig\OneDrive\Escritorio\Piniors\libs\View.php on line 10
[26-May-2023 13:16:59 UTC] Hello, errors!
[26-May-2023 13:16:59 UTC] PHP Warning:  Undefined array key "level" in C:\Users\elyig\OneDrive\Escritorio\Piniors\libs\View.php on line 10
[26-May-2023 13:38:58 UTC] Hello, errors!
[26-May-2023 13:38:59 UTC] PHP Warning:  Undefined array key "level" in C:\Users\elyig\OneDrive\Escritorio\Piniors\libs\View.php on line 10
[26-May-2023 13:45:53 UTC] Hello, errors!
[26-May-2023 13:45:54 UTC] PHP Warning:  Undefined array key "level" in C:\Users\elyig\OneDrive\Escritorio\Piniors\libs\View.php on line 10
[26-May-2023 13:54:41 UTC] Hello, errors!
[26-May-2023 13:54:41 UTC] PHP Warning:  Undefined array key "level" in C:\Users\elyig\OneDrive\Escritorio\Piniors\libs\View.php on line 10
[27-May-2023 13:18:13 UTC] Hello, errors!
[27-May-2023 13:18:13 UTC] PHP Warning:  Undefined array key "level" in C:\Users\elyig\OneDrive\Escritorio\Piniors\libs\View.php on line 10
[27-May-2023 15:33:16 UTC] Hello, errors!
[27-May-2023 15:33:16 UTC] PHP Warning:  Undefined array key "level" in C:\Users\elyig\OneDrive\Escritorio\Piniors\libs\View.php on line 10
[27-May-2023 15:37:33 UTC] Hello, errors!
[27-May-2023 15:37:33 UTC] PHP Warning:  Undefined array key "level" in C:\Users\elyig\OneDrive\Escritorio\Piniors\libs\View.php on line 10
[27-May-2023 15:37:41 UTC] Hello, errors!
[27-May-2023 15:37:41 UTC] PHP Warning:  Undefined array key "level" in C:\Users\elyig\OneDrive\Escritorio\Piniors\libs\View.php on line 10
[02-Jun-2023 11:12:05 UTC] Hello, errors!
[02-Jun-2023 11:12:06 UTC] PHP Warning:  Undefined array key "level" in C:\Users\elyig\OneDrive\Escritorio\Piniors\libs\View.php on line 10
[02-Jun-2023 11:12:14 UTC] Hello, errors!
[02-Jun-2023 11:12:14 UTC] PHP Warning:  Undefined array key "level" in C:\Users\elyig\OneDrive\Escritorio\Piniors\libs\View.php on line 10
[02-Jun-2023 11:12:29 UTC] Hello, errors!
[02-Jun-2023 11:12:29 UTC] PHP Warning:  Undefined array key "level" in C:\Users\elyig\OneDrive\Escritorio\Piniors\libs\View.php on line 10
[02-Jun-2023 11:13:09 UTC] Hello, errors!
[02-Jun-2023 11:13:09 UTC] PHP Warning:  Undefined array key "level" in C:\Users\elyig\OneDrive\Escritorio\Piniors\libs\View.php on line 10
[02-Jun-2023 11:13:21 UTC] Hello, errors!
[02-Jun-2023 11:13:21 UTC] PHP Warning:  Undefined array key "level" in C:\Users\elyig\OneDrive\Escritorio\Piniors\libs\View.php on line 10
[02-Jun-2023 11:13:28 UTC] Hello, errors!
[02-Jun-2023 11:13:28 UTC] PHP Warning:  Undefined array key "level" in C:\Users\elyig\OneDrive\Escritorio\Piniors\libs\View.php on line 10
[02-Jun-2023 11:13:31 UTC] Hello, errors!
[02-Jun-2023 11:13:31 UTC] PHP Warning:  Undefined array key "level" in C:\Users\elyig\OneDrive\Escritorio\Piniors\libs\View.php on line 10
[02-Jun-2023 11:13:33 UTC] Hello, errors!
[02-Jun-2023 11:13:33 UTC] PHP Warning:  Undefined array key "level" in C:\Users\elyig\OneDrive\Escritorio\Piniors\libs\View.php on line 10
[03-Jun-2023 15:17:54 UTC] Hello, errors!
[03-Jun-2023 15:17:54 UTC] PHP Warning:  Undefined array key "level" in C:\Users\elyig\OneDrive\Escritorio\Piniors\libs\View.php on line 10
